#
# A fatal error has been detected by the Java Runtime Environment:
#
#  Internal Error (opto/loopnode.hpp:757), pid=15948, tid=0x0000000000003df8
#  guarantee(d->_idx < _idom_size) failed: 
#
# JRE version: Java(TM) SE Runtime Environment (8.0_191-b12) (build 1.8.0_191-b12)
# Java VM: Java HotSpot(TM) 64-Bit Server VM (25.191-b12 mixed mode windows-amd64 compressed oops)
# Failed to write core dump. Minidumps are not enabled by default on client versions of Windows
#
# If you would like to submit a bug report, please visit:
#   http://bugreport.java.com/bugreport/crash.jsp
#

---------------  T H R E A D  ---------------

Current thread (0x0000000017f56800):  JavaThread "C2 CompilerThread2" daemon [_thread_in_native, id=15864, stack(0x00000000188c0000,0x00000000189c0000)]

Stack: [0x00000000188c0000,0x00000000189c0000]
[error occurred during error reporting (printing stack bounds), id 0xc0000005]

Native frames: (J=compiled Java code, j=interpreted, Vv=VM code, C=native code)


Current CompileTask:
C2:5355658 24644       4       org.gradle.api.internal.changedetection.state.DefaultFileSystemSnapshotter::snapshot (138 bytes)


---------------  P R O C E S S  ---------------

Java Threads: ( => current thread )
  0x000000001b64c800 JavaThread "stdout" daemon [_thread_in_native, id=17284, stack(0x00000000334a0000,0x00000000335a0000)]
  0x000000001b648800 JavaThread "stderr" daemon [_thread_in_native, id=12872, stack(0x00000000333a0000,0x00000000334a0000)]
  0x000000001b64b800 JavaThread "stdout" daemon [_thread_in_native, id=9024, stack(0x00000000332a0000,0x00000000333a0000)]
  0x000000001b64b000 JavaThread "stderr" daemon [_thread_in_native, id=18428, stack(0x00000000331a0000,0x00000000332a0000)]
  0x000000001b645800 JavaThread "stdout" daemon [_thread_in_native, id=11164, stack(0x00000000330a0000,0x00000000331a0000)]
  0x000000001a48c000 JavaThread "stderr" daemon [_thread_in_native, id=17628, stack(0x0000000032fa0000,0x00000000330a0000)]
  0x000000001a48a000 JavaThread "stdout" daemon [_thread_in_native, id=7984, stack(0x0000000032ea0000,0x0000000032fa0000)]
  0x000000001a488800 JavaThread "stderr" daemon [_thread_in_native, id=3888, stack(0x0000000032da0000,0x0000000032ea0000)]
  0x000000001a487000 JavaThread "stdout" daemon [_thread_in_native, id=18160, stack(0x0000000032ca0000,0x0000000032da0000)]
  0x000000001e632800 JavaThread "stderr" daemon [_thread_in_native, id=18352, stack(0x0000000032ba0000,0x0000000032ca0000)]
  0x000000001e62c000 JavaThread "stdout" daemon [_thread_in_native, id=7612, stack(0x0000000032aa0000,0x0000000032ba0000)]
  0x000000001e633000 JavaThread "stderr" daemon [_thread_in_native, id=18368, stack(0x00000000329a0000,0x0000000032aa0000)]
  0x000000001e62e000 JavaThread "stdout" daemon [_thread_in_native, id=232, stack(0x00000000328a0000,0x00000000329a0000)]
  0x000000001e62e800 JavaThread "stderr" daemon [_thread_in_native, id=9352, stack(0x00000000327a0000,0x00000000328a0000)]
  0x000000001e62d000 JavaThread "pool-8-thread-1" [_thread_blocked, id=17484, stack(0x00000000326a0000,0x00000000327a0000)]
  0x000000001e62f800 JavaThread "ForkJoinPool.commonPool-worker-2" daemon [_thread_blocked, id=7968, stack(0x00000000325a0000,0x00000000326a0000)]
  0x000000001d237000 JavaThread "ForkJoinPool.commonPool-worker-7" daemon [_thread_in_Java, id=15368, stack(0x00000000322a0000,0x00000000323a0000)]
  0x000000001d23a800 JavaThread "ForkJoinPool.commonPool-worker-6" daemon [_thread_blocked, id=13868, stack(0x00000000321a0000,0x00000000322a0000)]
  0x000000001d23a000 JavaThread "ForkJoinPool.commonPool-worker-5" daemon [_thread_blocked, id=18252, stack(0x00000000320a0000,0x00000000321a0000)]
  0x000000001d23c000 JavaThread "Cache worker for Java compile cache (E:\360MoveData\Users\wxq\Desktop\doc\react-native\newsApp\android\.gradle\4.10.2\javaCompile)" [_thread_blocked, id=18224, stack(0x0000000031ea0000,0x0000000031fa0000)]
  0x000000001d234800 JavaThread "Cache worker for Build Output Cleanup Cache (E:\360MoveData\Users\wxq\Desktop\doc\react-native\newsApp\android\.gradle\buildOutputCleanup)" [_thread_blocked, id=17880, stack(0x0000000031da0000,0x0000000031ea0000)]
  0x000000001d22d000 JavaThread "Cache worker for task history cache (E:\360MoveData\Users\wxq\Desktop\doc\react-native\newsApp\android\.gradle\4.10.2\taskHistory)" [_thread_blocked, id=5200, stack(0x0000000031ca0000,0x0000000031da0000)]
  0x000000001d232800 JavaThread "Task worker for ':' Thread 7" [_thread_blocked, id=7316, stack(0x0000000031ba0000,0x0000000031ca0000)]
  0x000000001d231800 JavaThread "Task worker for ':' Thread 6" [_thread_blocked, id=2836, stack(0x0000000031aa0000,0x0000000031ba0000)]
  0x000000001d233000 JavaThread "Task worker for ':' Thread 5" [_thread_blocked, id=17832, stack(0x00000000319a0000,0x0000000031aa0000)]
  0x000000001d230000 JavaThread "Task worker for ':' Thread 4" [_thread_blocked, id=17860, stack(0x00000000318a0000,0x00000000319a0000)]
  0x000000001d231000 JavaThread "Task worker for ':' Thread 3" [_thread_blocked, id=17736, stack(0x00000000317a0000,0x00000000318a0000)]
  0x000000001d22e800 JavaThread "Task worker for ':' Thread 2" [_thread_blocked, id=17952, stack(0x00000000316a0000,0x00000000317a0000)]
  0x000000001d234000 JavaThread "Task worker for ':'" [_thread_blocked, id=4872, stack(0x00000000315a0000,0x00000000316a0000)]
  0x000000001fe23800 JavaThread "Cache worker for file content cache (E:\360MoveData\Users\wxq\Desktop\doc\react-native\newsApp\android\.gradle\4.10.2\fileContent)" [_thread_blocked, id=15304, stack(0x00000000314a0000,0x00000000315a0000)]
  0x000000001fe22800 JavaThread "pool-7-thread-1" [_thread_blocked, id=7780, stack(0x00000000313a0000,0x00000000314a0000)]
  0x000000001fe20800 JavaThread "Build operations Thread 8" [_thread_blocked, id=11336, stack(0x00000000312a0000,0x00000000313a0000)]
  0x000000001fe22000 JavaThread "Build operations Thread 7" [_thread_blocked, id=15812, stack(0x00000000311a0000,0x00000000312a0000)]
  0x000000001fe1f800 JavaThread "Build operations Thread 6" [_thread_blocked, id=14756, stack(0x00000000310a0000,0x00000000311a0000)]
  0x000000001fe21000 JavaThread "Build operations Thread 5" [_thread_blocked, id=17604, stack(0x0000000030fa0000,0x00000000310a0000)]
  0x000000001fe18000 JavaThread "Build operations Thread 4" [_thread_blocked, id=9212, stack(0x0000000030ea0000,0x0000000030fa0000)]
  0x000000001fe1e000 JavaThread "Build operations Thread 3" [_thread_blocked, id=16144, stack(0x0000000030da0000,0x0000000030ea0000)]
  0x000000001fe1c800 JavaThread "Build operations Thread 2" [_thread_blocked, id=17644, stack(0x0000000030ca0000,0x0000000030da0000)]
  0x000000001fe1f000 JavaThread "Build operations" [_thread_blocked, id=9776, stack(0x0000000030ba0000,0x0000000030ca0000)]
  0x000000001fe1d800 JavaThread "Cache worker for cache directory md-rule (C:\Users\wxq\.gradle\caches\4.10.2\md-rule)" [_thread_blocked, id=13796, stack(0x0000000030aa0000,0x0000000030ba0000)]
  0x000000001fe15000 JavaThread "Cache worker for cache directory md-supplier (C:\Users\wxq\.gradle\caches\4.10.2\md-supplier)" [_thread_blocked, id=9780, stack(0x00000000309a0000,0x0000000030aa0000)]
  0x000000001fe19800 JavaThread "Cache worker for file hash cache (E:\360MoveData\Users\wxq\Desktop\doc\react-native\newsApp\android\.gradle\4.10.2\fileHashes)" [_thread_blocked, id=17672, stack(0x00000000308a0000,0x00000000309a0000)]
  0x000000001fe16000 JavaThread "Stdin handler" [_thread_blocked, id=17800, stack(0x00000000307a0000,0x00000000308a0000)]
  0x000000001fe19000 JavaThread "Asynchronous log dispatcher for DefaultDaemonConnection: socket connection from /127.0.0.1:50875 to /127.0.0.1:56843" [_thread_blocked, id=13372, stack(0x00000000306a0000,0x00000000307a0000)]
  0x000000001fe1a800 JavaThread "Daemon worker Thread 6" [_thread_blocked, id=18420, stack(0x00000000305a0000,0x00000000306a0000)]
  0x000000001fe1c000 JavaThread "Cancel handler" [_thread_blocked, id=17544, stack(0x00000000304a0000,0x00000000305a0000)]
  0x000000001fe16800 JavaThread "Handler for socket connection from /127.0.0.1:50875 to /127.0.0.1:56843" [_thread_in_native, id=17612, stack(0x00000000303a0000,0x00000000304a0000)]
  0x000000001fe17800 JavaThread "Daemon Thread 6" [_thread_blocked, id=17516, stack(0x00000000302a0000,0x00000000303a0000)]
  0x000000001a485800 JavaThread "Cache worker for Java compile cache (C:\Users\wxq\.gradle\caches\4.10.2\javaCompile)" [_thread_blocked, id=17740, stack(0x000000002fba0000,0x000000002fca0000)]
  0x000000001d23b800 JavaThread "Device List Monitor" [_thread_in_native, id=16528, stack(0x0000000024fd0000,0x00000000250d0000)]
  0x000000001d22e000 JavaThread "Monitor" [_thread_in_native, id=14764, stack(0x0000000024ac0000,0x0000000024bc0000)]
  0x000000001e631800 JavaThread "Cache worker for file content cache (C:\Users\wxq\.gradle\caches\4.10.2\fileContent)" [_thread_blocked, id=10624, stack(0x0000000023dc0000,0x0000000023ec0000)]
  0x000000001e630000 JavaThread "Memory manager" [_thread_blocked, id=13396, stack(0x00000000238c0000,0x00000000239c0000)]
  0x000000001a486000 JavaThread "Cache worker for Artifact transforms cache (C:\Users\wxq\.gradle\caches\transforms-1)" [_thread_blocked, id=9224, stack(0x00000000216c0000,0x00000000217c0000)]
  0x000000001a48a800 JavaThread "Cache worker for journal cache (C:\Users\wxq\.gradle\caches\journal-1)" [_thread_blocked, id=15464, stack(0x000000001e970000,0x000000001ea70000)]
  0x000000001a489000 JavaThread "File lock request listener" [_thread_in_native, id=16372, stack(0x000000001c6b0000,0x000000001c7b0000)]
  0x000000001a487800 JavaThread "Cache worker for file hash cache (C:\Users\wxq\.gradle\caches\4.10.2\fileHashes)" [_thread_blocked, id=15348, stack(0x000000001c5b0000,0x000000001c6b0000)]
  0x000000001a1fe800 JavaThread "Daemon periodic checks" [_thread_blocked, id=14564, stack(0x000000001a9e0000,0x000000001aae0000)]
  0x000000001a1fc800 JavaThread "Incoming local TCP Connector on port 50875" [_thread_in_native, id=13816, stack(0x000000001a830000,0x000000001a930000)]
  0x000000001a144000 JavaThread "Daemon health stats" [_thread_blocked, id=13984, stack(0x000000001a490000,0x000000001a590000)]
  0x0000000017feb000 JavaThread "Service Thread" daemon [_thread_blocked, id=15836, stack(0x0000000018ac0000,0x0000000018bc0000)]
  0x0000000017f65800 JavaThread "C1 CompilerThread3" daemon [_thread_blocked, id=14960, stack(0x00000000189c0000,0x0000000018ac0000)]
=>0x0000000017f56800 JavaThread "C2 CompilerThread2" daemon [_thread_in_native, id=15864, stack(0x00000000188c0000,0x00000000189c0000)]
  0x0000000017f54800 JavaThread "C2 CompilerThread1" daemon [_thread_blocked, id=16356, stack(0x00000000187c0000,0x00000000188c0000)]
  0x0000000017f4f800 JavaThread "C2 CompilerThread0" daemon [_thread_blocked, id=16344, stack(0x00000000186c0000,0x00000000187c0000)]
  0x0000000017f4c800 JavaThread "Attach Listener" daemon [_thread_blocked, id=14632, stack(0x00000000185c0000,0x00000000186c0000)]
  0x0000000017efa000 JavaThread "Signal Dispatcher" daemon [_thread_blocked, id=16364, stack(0x00000000184c0000,0x00000000185c0000)]
  0x00000000035d8000 JavaThread "Finalizer" daemon [_thread_blocked, id=16292, stack(0x00000000183c0000,0x00000000184c0000)]
  0x0000000017ee0800 JavaThread "Reference Handler" daemon [_thread_blocked, id=4048, stack(0x00000000182c0000,0x00000000183c0000)]
  0x00000000034e2800 JavaThread "main" [_thread_blocked, id=15844, stack(0x0000000002fb0000,0x00000000030b0000)]

Other Threads:
  0x00000000160f9800 VMThread [stack: 0x0000000017dc0000,0x0000000017ec0000] [id=16128]
  0x0000000017ffd000 WatcherThread [stack: 0x0000000018bc0000,0x0000000018cc0000] [id=15792]

VM state:not at safepoint (normal execution)

VM Mutex/Monitor currently owned by a thread: None

Heap:
 PSYoungGen      total 245248K, used 71612K [0x00000000eab00000, 0x0000000100000000, 0x0000000100000000)
  eden space 141312K, 43% used [0x00000000eab00000,0x00000000ee762180,0x00000000f3500000)
  from space 103936K, 9% used [0x00000000f3500000,0x00000000f3e8d128,0x00000000f9a80000)
  to   space 103424K, 0% used [0x00000000f9b00000,0x00000000f9b00000,0x0000000100000000)
 ParOldGen       total 389120K, used 80209K [0x00000000c0000000, 0x00000000d7c00000, 0x00000000eab00000)
  object space 389120K, 20% used [0x00000000c0000000,0x00000000c4e544b0,0x00000000d7c00000)
 Metaspace       used 97884K, capacity 103483K, committed 103704K, reserved 1138688K
  class space    used 12437K, capacity 13590K, committed 13616K, reserved 1048576K

Card table byte_map: [0x00000000129a0000,0x0000000012bb0000] byte_map_base: 0x00000000123a0000

Marking Bits: (ParMarkBitMap*) 0x000000005fcc3e30
 Begin Bits: [0x0000000013510000, 0x0000000014510000)
 End Bits:   [0x0000000014510000, 0x0000000015510000)

Polling page: 0x0000000001110000

CodeCache: size=245760Kb used=67830Kb max_used=68648Kb free=177929Kb
 bounds [0x00000000035e0000, 0x0000000007960000, 0x00000000125e0000]
 total_blobs=20439 nmethods=19519 adapters=829
 compilation: enabled

Compilation events (10 events):
Event: 5355.533 Thread 0x0000000017f4f800 24682       4       java.lang.ClassLoader::postDefineClass (26 bytes)
Event: 5355.534 Thread 0x0000000017f54800 24683       4       java.lang.ClassLoader::defineClassSourceLocation (28 bytes)
Event: 5355.535 Thread 0x0000000017f54800 nmethod 24683 0x0000000004717c10 code [0x0000000004717d60, 0x0000000004717e08]
Event: 5355.540 Thread 0x0000000017f4f800 nmethod 24682 0x0000000004cbb790 code [0x0000000004cbb920, 0x0000000004cbbe88]
Event: 5355.564 Thread 0x0000000017f65800 24684       3       com.android.tools.build.apkzlib.zip.ZFile::directRead (85 bytes)
Event: 5355.565 Thread 0x0000000017f65800 nmethod 24684 0x00000000052b1250 code [0x00000000052b14e0, 0x00000000052b2308]
Event: 5355.565 Thread 0x0000000017f65800 24685       3       com.android.tools.build.apkzlib.zip.ZFile::directRead (78 bytes)
Event: 5355.565 Thread 0x0000000017f65800 nmethod 24685 0x000000000525cf50 code [0x000000000525d160, 0x000000000525da98]
Event: 5355.636 Thread 0x0000000017f65800 24686       3       com.android.apksig.internal.util.MessageDigestSink::consume (43 bytes)
Event: 5355.636 Thread 0x0000000017f65800 nmethod 24686 0x0000000003adb110 code [0x0000000003adb280, 0x0000000003adb588]

GC Heap History (10 events):
Event: 5346.619 GC heap before
{Heap before GC invocations=35 (full 4):
 PSYoungGen      total 218624K, used 121856K [0x00000000eab00000, 0x00000000fdd80000, 0x0000000100000000)
  eden space 121856K, 100% used [0x00000000eab00000,0x00000000f2200000,0x00000000f2200000)
  from space 96768K, 0% used [0x00000000f7f00000,0x00000000f7f00000,0x00000000fdd80000)
  to   space 95232K, 0% used [0x00000000f2200000,0x00000000f2200000,0x00000000f7f00000)
 ParOldGen       total 389120K, used 80169K [0x00000000c0000000, 0x00000000d7c00000, 0x00000000eab00000)
  object space 389120K, 20% used [0x00000000c0000000,0x00000000c4e4a4b0,0x00000000d7c00000)
 Metaspace       used 95586K, capacity 100965K, committed 101272K, reserved 1136640K
  class space    used 12200K, capacity 13335K, committed 13488K, reserved 1048576K
Event: 5346.635 GC heap after
Heap after GC invocations=35 (full 4):
 PSYoungGen      total 217088K, used 43927K [0x00000000eab00000, 0x00000000fe680000, 0x0000000100000000)
  eden space 121856K, 0% used [0x00000000eab00000,0x00000000eab00000,0x00000000f2200000)
  from space 95232K, 46% used [0x00000000f2200000,0x00000000f4ce5fe0,0x00000000f7f00000)
  to   space 91136K, 0% used [0x00000000f8d80000,0x00000000f8d80000,0x00000000fe680000)
 ParOldGen       total 389120K, used 80177K [0x00000000c0000000, 0x00000000d7c00000, 0x00000000eab00000)
  object space 389120K, 20% used [0x00000000c0000000,0x00000000c4e4c4b0,0x00000000d7c00000)
 Metaspace       used 95586K, capacity 100965K, committed 101272K, reserved 1136640K
  class space    used 12200K, capacity 13335K, committed 13488K, reserved 1048576K
}
Event: 5348.005 GC heap before
{Heap before GC invocations=36 (full 4):
 PSYoungGen      total 217088K, used 165783K [0x00000000eab00000, 0x00000000fe680000, 0x0000000100000000)
  eden space 121856K, 100% used [0x00000000eab00000,0x00000000f2200000,0x00000000f2200000)
  from space 95232K, 46% used [0x00000000f2200000,0x00000000f4ce5fe0,0x00000000f7f00000)
  to   space 91136K, 0% used [0x00000000f8d80000,0x00000000f8d80000,0x00000000fe680000)
 ParOldGen       total 389120K, used 80177K [0x00000000c0000000, 0x00000000d7c00000, 0x00000000eab00000)
  object space 389120K, 20% used [0x00000000c0000000,0x00000000c4e4c4b0,0x00000000d7c00000)
 Metaspace       used 96150K, capacity 101541K, committed 101784K, reserved 1138688K
  class space    used 12217K, capacity 13341K, committed 13488K, reserved 1048576K
Event: 5348.045 GC heap after
Heap after GC invocations=36 (full 4):
 PSYoungGen      total 224256K, used 79815K [0x00000000eab00000, 0x00000000ff700000, 0x0000000100000000)
  eden space 133120K, 0% used [0x00000000eab00000,0x00000000eab00000,0x00000000f2d00000)
  from space 91136K, 87% used [0x00000000f8d80000,0x00000000fdb71f18,0x00000000fe680000)
  to   space 98816K, 0% used [0x00000000f2d00000,0x00000000f2d00000,0x00000000f8d80000)
 ParOldGen       total 389120K, used 80185K [0x00000000c0000000, 0x00000000d7c00000, 0x00000000eab00000)
  object space 389120K, 20% used [0x00000000c0000000,0x00000000c4e4e4b0,0x00000000d7c00000)
 Metaspace       used 96150K, capacity 101541K, committed 101784K, reserved 1138688K
  class space    used 12217K, capacity 13341K, committed 13488K, reserved 1048576K
}
Event: 5349.621 GC heap before
{Heap before GC invocations=37 (full 4):
 PSYoungGen      total 224256K, used 212935K [0x00000000eab00000, 0x00000000ff700000, 0x0000000100000000)
  eden space 133120K, 100% used [0x00000000eab00000,0x00000000f2d00000,0x00000000f2d00000)
  from space 91136K, 87% used [0x00000000f8d80000,0x00000000fdb71f18,0x00000000fe680000)
  to   space 98816K, 0% used [0x00000000f2d00000,0x00000000f2d00000,0x00000000f8d80000)
 ParOldGen       total 389120K, used 80185K [0x00000000c0000000, 0x00000000d7c00000, 0x00000000eab00000)
  object space 389120K, 20% used [0x00000000c0000000,0x00000000c4e4e4b0,0x00000000d7c00000)
 Metaspace       used 96625K, capacity 102105K, committed 102296K, reserved 1138688K
  class space    used 12274K, capacity 13417K, committed 13488K, reserved 1048576K
Event: 5349.625 GC heap after
Heap after GC invocations=37 (full 4):
 PSYoungGen      total 231936K, used 2944K [0x00000000eab00000, 0x0000000100000000, 0x0000000100000000)
  eden space 133120K, 0% used [0x00000000eab00000,0x00000000eab00000,0x00000000f2d00000)
  from space 98816K, 2% used [0x00000000f2d00000,0x00000000f2fe0078,0x00000000f8d80000)
  to   space 102400K, 0% used [0x00000000f9c00000,0x00000000f9c00000,0x0000000100000000)
 ParOldGen       total 389120K, used 80193K [0x00000000c0000000, 0x00000000d7c00000, 0x00000000eab00000)
  object space 389120K, 20% used [0x00000000c0000000,0x00000000c4e504b0,0x00000000d7c00000)
 Metaspace       used 96625K, capacity 102105K, committed 102296K, reserved 1138688K
  class space    used 12274K, capacity 13417K, committed 13488K, reserved 1048576K
}
Event: 5352.535 GC heap before
{Heap before GC invocations=38 (full 4):
 PSYoungGen      total 231936K, used 136064K [0x00000000eab00000, 0x0000000100000000, 0x0000000100000000)
  eden space 133120K, 100% used [0x00000000eab00000,0x00000000f2d00000,0x00000000f2d00000)
  from space 98816K, 2% used [0x00000000f2d00000,0x00000000f2fe0078,0x00000000f8d80000)
  to   space 102400K, 0% used [0x00000000f9c00000,0x00000000f9c00000,0x0000000100000000)
 ParOldGen       total 389120K, used 80193K [0x00000000c0000000, 0x00000000d7c00000, 0x00000000eab00000)
  object space 389120K, 20% used [0x00000000c0000000,0x00000000c4e504b0,0x00000000d7c00000)
 Metaspace       used 97270K, capacity 102833K, committed 103192K, reserved 1138688K
  class space    used 12355K, capacity 13509K, committed 13616K, reserved 1048576K
Event: 5352.540 GC heap after
Heap after GC invocations=38 (full 4):
 PSYoungGen      total 243712K, used 3847K [0x00000000eab00000, 0x0000000100000000, 0x0000000100000000)
  eden space 141312K, 0% used [0x00000000eab00000,0x00000000eab00000,0x00000000f3500000)
  from space 102400K, 3% used [0x00000000f9c00000,0x00000000f9fc1e28,0x0000000100000000)
  to   space 103936K, 0% used [0x00000000f3500000,0x00000000f3500000,0x00000000f9a80000)
 ParOldGen       total 389120K, used 80201K [0x00000000c0000000, 0x00000000d7c00000, 0x00000000eab00000)
  object space 389120K, 20% used [0x00000000c0000000,0x00000000c4e524b0,0x00000000d7c00000)
 Metaspace       used 97270K, capacity 102833K, committed 103192K, reserved 1138688K
  class space    used 12355K, capacity 13509K, committed 13616K, reserved 1048576K
}
Event: 5353.720 GC heap before
{Heap before GC invocations=39 (full 4):
 PSYoungGen      total 243712K, used 145159K [0x00000000eab00000, 0x0000000100000000, 0x0000000100000000)
  eden space 141312K, 100% used [0x00000000eab00000,0x00000000f3500000,0x00000000f3500000)
  from space 102400K, 3% used [0x00000000f9c00000,0x00000000f9fc1e28,0x0000000100000000)
  to   space 103936K, 0% used [0x00000000f3500000,0x00000000f3500000,0x00000000f9a80000)
 ParOldGen       total 389120K, used 80201K [0x00000000c0000000, 0x00000000d7c00000, 0x00000000eab00000)
  object space 389120K, 20% used [0x00000000c0000000,0x00000000c4e524b0,0x00000000d7c00000)
 Metaspace       used 97329K, capacity 102907K, committed 103192K, reserved 1138688K
  class space    used 12356K, capacity 13510K, committed 13616K, reserved 1048576K
Event: 5353.728 GC heap after
Heap after GC invocations=39 (full 4):
 PSYoungGen      total 245248K, used 9780K [0x00000000eab00000, 0x0000000100000000, 0x0000000100000000)
  eden space 141312K, 0% used [0x00000000eab00000,0x00000000eab00000,0x00000000f3500000)
  from space 103936K, 9% used [0x00000000f3500000,0x00000000f3e8d128,0x00000000f9a80000)
  to   space 103424K, 0% used [0x00000000f9b00000,0x00000000f9b00000,0x0000000100000000)
 ParOldGen       total 389120K, used 80209K [0x00000000c0000000, 0x00000000d7c00000, 0x00000000eab00000)
  object space 389120K, 20% used [0x00000000c0000000,0x00000000c4e544b0,0x00000000d7c00000)
 Metaspace       used 97329K, capacity 102907K, committed 103192K, reserved 1138688K
  class space    used 12356K, capacity 13510K, committed 13616K, reserved 1048576K
}

Deoptimization events (10 events):
Event: 5355.449 Thread 0x000000001d237000 Uncommon trap: reason=bimorphic action=maybe_recompile pc=0x000000000707483c method=com.google.common.collect.TransformedIterator.next()Ljava/lang/Object; @ 5
Event: 5355.449 Thread 0x000000001d237000 Uncommon trap: reason=class_check action=maybe_recompile pc=0x00000000063fc644 method=com.google.common.collect.ImmutableMap.copyOf(Ljava/lang/Iterable;)Lcom/google/common/collect/ImmutableMap; @ 53
Event: 5355.450 Thread 0x000000001d237000 Uncommon trap: reason=bimorphic action=maybe_recompile pc=0x000000000707483c method=com.google.common.collect.TransformedIterator.next()Ljava/lang/Object; @ 5
Event: 5355.455 Thread 0x000000001d237000 Uncommon trap: reason=bimorphic action=maybe_recompile pc=0x0000000005f2f900 method=org.gradle.api.internal.file.CompositeFileCollection.iterator()Ljava/util/Iterator; @ 50
Event: 5355.458 Thread 0x000000001d237000 Uncommon trap: reason=bimorphic action=maybe_recompile pc=0x0000000003d5e76c method=java.io.DataInputStream.readUnsignedShort()I @ 4
Event: 5355.458 Thread 0x000000001d237000 Uncommon trap: reason=bimorphic action=maybe_recompile pc=0x0000000003d5e76c method=java.io.DataInputStream.readUnsignedShort()I @ 4
Event: 5355.474 Thread 0x000000001d237000 Uncommon trap: reason=unstable_if action=reinterpret pc=0x000000000512ecdc method=org.gradle.api.internal.DefaultNamedDomainObjectCollection.applyRules(Ljava/lang/String;)Z @ 9
Event: 5355.483 Thread 0x000000001d237000 Uncommon trap: reason=unstable_if action=reinterpret pc=0x0000000007886fd0 method=com.android.tools.build.apkzlib.zip.CentralDirectory.readEntry(Ljava/nio/ByteBuffer;Lcom/android/tools/build/apkzlib/bytestorage/ByteStorage;)V @ 133
Event: 5355.483 Thread 0x000000001d237000 Uncommon trap: reason=unstable_if action=reinterpret pc=0x0000000007893064 method=com.android.tools.build.apkzlib.zip.StoredEntry.readLocalHeader()V @ 103
Event: 5355.534 Thread 0x000000001d237000 Uncommon trap: reason=unstable_if action=reinterpret pc=0x0000000003dd29c0 method=java.nio.HeapByteBuffer.put(Ljava/nio/ByteBuffer;)Ljava/nio/ByteBuffer; @ 4

Classes redefined (0 events):
No events

Internal exceptions (10 events):
Event: 5349.573 Thread 0x000000001d230000 Implicit null exception at 0x00000000041deb78 to 0x00000000041df115
Event: 5349.573 Thread 0x000000001d230000 Exception <a 'java/lang/NoSuchMethodError': <clinit>> (0x00000000f2b77738) thrown at [C:\re\workspace\8-2-build-windows-amd64-cygwin\jdk8u191\11896\hotspot\src\share\vm\prims\jni.cpp, line 1613]
Event: 5349.611 Thread 0x000000001d230000 Exception <a 'sun/nio/fs/WindowsException'> (0x00000000f2c29560) thrown at [C:\re\workspace\8-2-build-windows-amd64-cygwin\jdk8u191\11896\hotspot\src\share\vm\prims\jni.cpp, line 709]
Event: 5349.648 Thread 0x000000001d230000 Exception <a 'sun/nio/fs/WindowsException'> (0x00000000eab681c8) thrown at [C:\re\workspace\8-2-build-windows-amd64-cygwin\jdk8u191\11896\hotspot\src\share\vm\prims\jni.cpp, line 709]
Event: 5349.684 Thread 0x000000001d230000 Exception <a 'sun/nio/fs/WindowsException'> (0x00000000eac694e8) thrown at [C:\re\workspace\8-2-build-windows-amd64-cygwin\jdk8u191\11896\hotspot\src\share\vm\prims\jni.cpp, line 709]
Event: 5349.720 Thread 0x000000001d230000 Exception <a 'sun/nio/fs/WindowsException'> (0x00000000ead1e8a0) thrown at [C:\re\workspace\8-2-build-windows-amd64-cygwin\jdk8u191\11896\hotspot\src\share\vm\prims\jni.cpp, line 709]
Event: 5349.758 Thread 0x000000001d230000 Exception <a 'sun/nio/fs/WindowsException'> (0x00000000eadd15b8) thrown at [C:\re\workspace\8-2-build-windows-amd64-cygwin\jdk8u191\11896\hotspot\src\share\vm\prims\jni.cpp, line 709]
Event: 5350.098 Thread 0x000000001d230000 Exception <a 'java/lang/NoSuchMethodError': java.lang.Object.newSystemTemporaryDirectory()Lcom/android/tools/build/apkzlib/bytestorage/TemporaryDirectory;> (0x00000000eb31af08) thrown at [C:\re\workspace\8-2-build-windows-amd64-cygwin\jdk8u191\11896\hotsp
Event: 5355.472 Thread 0x000000001d237000 Exception <a 'java/lang/ClassNotFoundException': org/gradle/api/plugins/JavaPluginConventionBeanInfo> (0x00000000ede5c220) thrown at [C:\re\workspace\8-2-build-windows-amd64-cygwin\jdk8u191\11896\hotspot\src\share\vm\classfile\systemDictionary.cpp, line 2
Event: 5355.472 Thread 0x000000001d237000 Exception <a 'java/lang/ClassNotFoundException': org/gradle/api/plugins/JavaPluginConventionCustomizer> (0x00000000ede99d20) thrown at [C:\re\workspace\8-2-build-windows-amd64-cygwin\jdk8u191\11896\hotspot\src\share\vm\classfile\systemDictionary.cpp, line

Events (10 events):
Event: 5355.538 loading class com/android/apksig/internal/apk/v2/ContentDigestAlgorithm
Event: 5355.538 loading class com/android/apksig/internal/apk/v2/ContentDigestAlgorithm done
Event: 5355.538 loading class com/android/apksig/util/DataSinks
Event: 5355.538 loading class com/android/apksig/util/DataSinks done
Event: 5355.538 loading class com/android/apksig/util/ReadableDataSink
Event: 5355.538 loading class com/android/apksig/util/ReadableDataSink done
Event: 5355.539 loading class com/android/apksig/util/DataSink
Event: 5355.539 loading class com/android/apksig/util/DataSink done
Event: 5355.539 loading class com/android/apksig/internal/util/MessageDigestSink
Event: 5355.539 loading class com/android/apksig/internal/util/MessageDigestSink done


Dynamic libraries:
0x00007ff6d3050000 - 0x00007ff6d3087000 	C:\Program Files\Java\jdk1.8.0_191\bin\java.exe
0x00007ffae32f0000 - 0x00007ffae34d1000 	C:\WINDOWS\SYSTEM32\ntdll.dll
0x00007ffae3120000 - 0x00007ffae31d1000 	C:\WINDOWS\System32\KERNEL32.DLL
0x00007ffadf830000 - 0x00007ffadfaa3000 	C:\WINDOWS\System32\KERNELBASE.dll
0x00007ffae2190000 - 0x00007ffae2231000 	C:\WINDOWS\System32\ADVAPI32.dll
0x00007ffae0af0000 - 0x00007ffae0b8e000 	C:\WINDOWS\System32\msvcrt.dll
0x00007ffae2fd0000 - 0x00007ffae302b000 	C:\WINDOWS\System32\sechost.dll
0x00007ffae2820000 - 0x00007ffae2944000 	C:\WINDOWS\System32\RPCRT4.dll
0x00007ffae0b90000 - 0x00007ffae0d20000 	C:\WINDOWS\System32\USER32.dll
0x00007ffae0660000 - 0x00007ffae0680000 	C:\WINDOWS\System32\win32u.dll
0x00007ffae2fa0000 - 0x00007ffae2fc8000 	C:\WINDOWS\System32\GDI32.dll
0x00007ffae02d0000 - 0x00007ffae0462000 	C:\WINDOWS\System32\gdi32full.dll
0x00007ffadf6c0000 - 0x00007ffadf75f000 	C:\WINDOWS\System32\msvcp_win.dll
0x00007ffae0680000 - 0x00007ffae0778000 	C:\WINDOWS\System32\ucrtbase.dll
0x00007ffad2870000 - 0x00007ffad2ad9000 	C:\WINDOWS\WinSxS\amd64_microsoft.windows.common-controls_6595b64144ccf1df_6.0.17134.765_none_fb42a1a930655896\COMCTL32.dll
0x00007ffae2a20000 - 0x00007ffae2d42000 	C:\WINDOWS\System32\combase.dll
0x00007ffadf7b0000 - 0x00007ffadf82a000 	C:\WINDOWS\System32\bcryptPrimitives.dll
0x00007ffae0d20000 - 0x00007ffae0d4d000 	C:\WINDOWS\System32\IMM32.DLL
0x000000005fd50000 - 0x000000005fe22000 	C:\Program Files\Java\jdk1.8.0_191\jre\bin\msvcr100.dll
0x000000005f4a0000 - 0x000000005fd44000 	C:\Program Files\Java\jdk1.8.0_191\jre\bin\server\jvm.dll
0x00007ffae32b0000 - 0x00007ffae32b8000 	C:\WINDOWS\System32\PSAPI.DLL
0x00007ffadcd50000 - 0x00007ffadcd73000 	C:\WINDOWS\SYSTEM32\WINMM.dll
0x00007ffad5690000 - 0x00007ffad569a000 	C:\WINDOWS\SYSTEM32\VERSION.dll
0x00007ffac7db0000 - 0x00007ffac7db9000 	C:\WINDOWS\SYSTEM32\WSOCK32.dll
0x00007ffae2950000 - 0x00007ffae29bc000 	C:\WINDOWS\System32\WS2_32.dll
0x00007ffadb5e0000 - 0x00007ffadb60a000 	C:\WINDOWS\SYSTEM32\winmmbase.dll
0x00007ffadf760000 - 0x00007ffadf7a9000 	C:\WINDOWS\System32\cfgmgr32.dll
0x000000005f490000 - 0x000000005f49f000 	C:\Program Files\Java\jdk1.8.0_191\jre\bin\verify.dll
0x000000005f460000 - 0x000000005f489000 	C:\Program Files\Java\jdk1.8.0_191\jre\bin\java.dll
0x000000005f440000 - 0x000000005f456000 	C:\Program Files\Java\jdk1.8.0_191\jre\bin\zip.dll
0x00007ffae0d50000 - 0x00007ffae2190000 	C:\WINDOWS\System32\SHELL32.dll
0x00007ffae2ef0000 - 0x00007ffae2f99000 	C:\WINDOWS\System32\shcore.dll
0x00007ffadfb60000 - 0x00007ffae026d000 	C:\WINDOWS\System32\windows.storage.dll
0x00007ffae0790000 - 0x00007ffae07e1000 	C:\WINDOWS\System32\shlwapi.dll
0x00007ffadf620000 - 0x00007ffadf631000 	C:\WINDOWS\System32\kernel.appcore.dll
0x00007ffadf6a0000 - 0x00007ffadf6bf000 	C:\WINDOWS\System32\profapi.dll
0x00007ffadf650000 - 0x00007ffadf69c000 	C:\WINDOWS\System32\powrprof.dll
0x00007ffadf640000 - 0x00007ffadf64a000 	C:\WINDOWS\System32\FLTLIB.DLL
0x000000005f420000 - 0x000000005f43a000 	C:\Program Files\Java\jdk1.8.0_191\jre\bin\net.dll
0x00007fface040000 - 0x00007fface060000 	C:\WINDOWS\system32\PrxerDrv.dll
0x00007ffadee40000 - 0x00007ffadeea6000 	C:\WINDOWS\system32\mswsock.dll
0x000000005f400000 - 0x000000005f411000 	C:\Program Files\Java\jdk1.8.0_191\jre\bin\nio.dll
0x00007ffac8440000 - 0x00007ffac845e000 	C:\Users\wxq\.gradle\native\25\windows-amd64\native-platform.dll
0x000000005f3f0000 - 0x000000005f3fd000 	C:\Program Files\Java\jdk1.8.0_191\jre\bin\management.dll
0x00007ffadeff0000 - 0x00007ffadf007000 	C:\WINDOWS\SYSTEM32\CRYPTSP.dll
0x00007ffadea20000 - 0x00007ffadea53000 	C:\WINDOWS\system32\rsaenh.dll
0x00007ffadf120000 - 0x00007ffadf145000 	C:\WINDOWS\SYSTEM32\bcrypt.dll
0x00007ffadf500000 - 0x00007ffadf528000 	C:\WINDOWS\SYSTEM32\USERENV.dll
0x00007ffadf010000 - 0x00007ffadf01b000 	C:\WINDOWS\SYSTEM32\CRYPTBASE.dll
0x00007ffadebc0000 - 0x00007ffadebf8000 	C:\WINDOWS\SYSTEM32\IPHLPAPI.DLL
0x00007ffae0780000 - 0x00007ffae0788000 	C:\WINDOWS\System32\NSI.dll
0x00007ffad5310000 - 0x00007ffad5326000 	C:\WINDOWS\SYSTEM32\dhcpcsvc6.DLL
0x00007ffad52f0000 - 0x00007ffad530a000 	C:\WINDOWS\SYSTEM32\dhcpcsvc.DLL
0x00007ffac6860000 - 0x00007ffac687c000 	C:\WINDOWS\system32\PrxerNsp.dll
0x00007ffadec00000 - 0x00007ffadecbe000 	C:\WINDOWS\SYSTEM32\DNSAPI.dll
0x00007ffad5240000 - 0x00007ffad524a000 	C:\WINDOWS\SYSTEM32\rasadhlp.dll
0x00007ffad4dc0000 - 0x00007ffad4e32000 	C:\WINDOWS\System32\fwpuclnt.dll
0x0000000063840000 - 0x0000000063864000 	C:\Program Files\Java\jdk1.8.0_191\jre\bin\sunec.dll
0x0000000063830000 - 0x000000006383b000 	C:\Program Files\Java\jdk1.8.0_191\jre\bin\sunmscapi.dll
0x00007ffae0470000 - 0x00007ffae0652000 	C:\WINDOWS\System32\CRYPT32.dll
0x00007ffadf600000 - 0x00007ffadf612000 	C:\WINDOWS\System32\MSASN1.dll
0x00007ffade6b0000 - 0x00007ffade6e1000 	C:\WINDOWS\SYSTEM32\ntmarta.dll

VM Arguments:
jvm_args: -XX:+HeapDumpOnOutOfMemoryError -Xmx1024m -Dfile.encoding=GBK -Duser.country=CN -Duser.language=zh -Duser.variant 
java_command: org.gradle.launcher.daemon.bootstrap.GradleDaemon 4.10.2
java_class_path (initial): C:\Users\wxq\.gradle\wrapper\dists\gradle-4.10.2-all\9fahxiiecdb76a5g3aw9oi8rv\gradle-4.10.2\lib\gradle-launcher-4.10.2.jar
Launcher Type: SUN_STANDARD

Environment Variables:
JAVA_HOME=C:\Program Files\Java\jdk1.8.0_191
CLASSPATH=E:\360MoveData\Users\wxq\Desktop\doc\react-native\newsApp\android\\gradle\wrapper\gradle-wrapper.jar
PATH=C:\Program Files (x86)\Common Files\Oracle\Java\javapath;C:\Ruby24-x64\bin;C:\Program Files (x86)\Intel\Intel(R) Management Engine Components\iCLS\;C:\Program Files\Intel\Intel(R) Management Engine Components\iCLS\;C:\Windows\system32;C:\Windows;C:\Windows\System32\Wbem;C:\Windows\System32\WindowsPowerShell\v1.0\;C:\Program Files (x86)\Intel\Intel(R) Management Engine Components\DAL;C:\Program Files\Intel\Intel(R) Management Engine Components\DAL;C:\Program Files (x86)\Intel\Intel(R) Management Engine Components\IPT;C:\Program Files\Intel\Intel(R) Management Engine Components\IPT;C:\Program Files (x86)\NVIDIA Corporation\PhysX\Common;C:\Program Files\nodejs\;C:\Program Files\Java\jdk1.8.0_191\bin;.;C:\Program Files\Java\jdk1.8.0_191\lib;C:\Program Files\Java\jdk1.8.0_191\lib\tool.jar;E:\java\tomcat\apache-tomcat-8.5.37\lib\servlet-api.jar;;"E:\java\tomcat\apache-tomcat-8.5.37\lib;E:\java\tomcat\apache-tomcat-8.5.37\bin";C:\WINDOWS\system32;C:\WINDOWS;C:\WINDOWS\System32\Wbem;C:\WINDOWS\System32\WindowsPowerShell\v1.0\;C:\WINDOWS\System32\OpenSSH\;E:\java\maven\apache-maven-3.6.0\bin;c:\Users\wxq\AppData\Local\Android\Sdk\platform-tools;E:\java\tomcat\apache-tomcat-8.5.37\bin;E:\java\tomcat\apache-tomcat-8.5.37\lib;C:\Program Files\NVIDIA Corporation\NVIDIA NvDLISR;C:\Program Files\TortoiseSVN\bin;C:\Users\wxq\AppData\Local\Microsoft\WindowsApps;C:\Users\wxq\AppData\Local\Programs\Microsoft VS Code\bin;C:\Users\wxq\AppData\Roaming\npm;c:\Users\wxq\AppData\Local\Android\Sdk\platform-tools;E:\app\Microsoft VS Code\bin
USERNAME=wxq
OS=Windows_NT
PROCESSOR_IDENTIFIER=Intel64 Family 6 Model 158 Stepping 10, GenuineIntel



---------------  S Y S T E M  ---------------

OS: Windows 10.0 , 64 bit Build 17134 (10.0.17134.753)

CPU:total 8 (initial active 8) (4 cores per cpu, 2 threads per core) family 6 model 158 stepping 10, cmov, cx8, fxsr, mmx, sse, sse2, sse3, ssse3, sse4.1, sse4.2, popcnt, avx, avx2, aes, clmul, erms, 3dnowpref, lzcnt, ht, tsc, tscinvbit, bmi1, bmi2, adx

Memory: 4k page, physical 16648084k(6307036k free), swap 22415252k(6866048k free)

vm_info: Java HotSpot(TM) 64-Bit Server VM (25.191-b12) for windows-amd64 JRE (1.8.0_191-b12), built on Oct  6 2018 09:29:03 by "java_re" with MS VC++ 10.0 (VS2010)

time: Tue Jun 04 10:38:55 2019
elapsed time: 5355 seconds (0d 1h 29m 15s)

